1711478701465: GET /book
1711478701635: GET /favicon.ico
1711479681324: GET /book
1711479681504: GET /favicon.ico
1711479683571: GET /book/86a09c63-7282-4830-a2f7-8ddfd12d1ccb
1711479795379: GET /book/
1711479795530: GET /book
1711479795795: GET /favicon.ico
1711479797557: GET /book/d77f7aae-f415-434b-a0e8-a94946bc5054
1711479898311: GET /book
1711479898575: GET /favicon.ico
1711479900213: GET /book/365a8302-831f-478a-98d1-614e2b9393ab
1711479900263: GET /favicon.ico
1711479903147: GET /book/update/365a8302-831f-478a-98d1-614e2b9393ab
1711479903192: GET /favicon.ico
1711479904091: POST /book/update/365a8302-831f-478a-98d1-614e2b9393ab
1711479904098: GET /book/365a8302-831f-478a-98d1-614e2b9393ab
1711479904134: GET /favicon.ico
1711479905759: GET /book
1711479905797: GET /favicon.ico
1711480080048: GET /book
1711480080159: GET /favicon.ico
1711480082877: GET /book/86a9abf7-04a8-46aa-a34f-89864014e801
1711480082914: GET /favicon.ico
1711480084546: GET /book
1711480084586: GET /favicon.ico
1711481515423: GET /book
1711481515615: GET /favicon.ico
1711481517242: GET /book/55e1dde2-8976-4f89-af34-a9f198bc550b
1711481517308: GET /favicon.ico
1711481518469: GET /book/update/55e1dde2-8976-4f89-af34-a9f198bc550b
1711481518520: GET /favicon.ico
1711481519398: POST /book/update/55e1dde2-8976-4f89-af34-a9f198bc550b
1711481519405: GET /book/55e1dde2-8976-4f89-af34-a9f198bc550b
1711481519458: GET /favicon.ico
1711892010302: GET /
1711892010399: GET /favicon.ico
1711892011599: GET /book
1711892012797: GET /book
1711892013094: GET /book
1711892013563: GET /book
1711892014773: GET /book
1711892017964: GET /book
1711892018292: GET /book
1711892018512: GET /book
1711892018929: GET /
1711892018957: GET /favicon.ico
1711892019357: GET /
1711892019381: GET /favicon.ico
1711892020390: GET /book
1711892023235: GET /favicon.ico
1711892025117: GET /
1711892030175: GET /book/7e54f699-1a21-4a26-b773-1c3b1e837629
1711892032528: GET /favicon.ico
1711892037422: GET /book
1711892039777: GET /favicon.ico
1711892041976: GET /book
1711892044278: GET /favicon.ico
1711892047118: GET /book/7e54f699-1a21-4a26-b773-1c3b1e837629
1711892049457: GET /favicon.ico
1711984770704: GET /
1711984770974: GET /favicon.ico
